<?xml version="1.0" encoding="UTF-8"?>
<!-- Generated by org.testng.reporters.JUnitReportReporter -->
<testsuite hostname="192.168.1.175" failures="0" tests="1" name="com.test.employee.EmployeeTest" time="1.408" errors="0" timestamp="2023-01-11T12:09:07 GMT" skipped="0">
  <testcase classname="com.test.employee.EmployeeTest" name="getEmployeeTC01" time="1.408"/>
  <system-out/>
</testsuite> <!-- com.test.employee.EmployeeTest -->
